<?xml version="1.0" encoding="UTF-8"?>
<!-- Generated by org.testng.reporters.JUnitXMLReporter -->
<testsuite hostname="ASDA1708PO02529" tests="9" failures="0" timestamp="27 Jun 2018 11:39:19 GMT" time="7.217" errors="0">
  <testcase name="BasicBox" time="0.158" classname="TestAll"/>
  <testcase name="testRedBox" time="0.146" classname="TestAll"/>
  <testcase name="testGreenBox" time="0.255" classname="TestAll"/>
  <testcase name="click_withoutrepaint" time="0.266" classname="TestAll"/>
  <testcase name="click_after_repaint" time="2.84" classname="TestAll"/>
  <testcase name="drag_And_drop_onposition" time="0.266" classname="TestAll"/>
  <testcase name="launchWithoutPopUpPage" time="0.141" classname="TestAll"/>
  <testcase name="launchPopUpPage" time="0.438" classname="TestAll"/>
  <testcase name="cookieAddTest" time="0.228" classname="TestAll"/>
</testsuite>
