<?xml version="1.0" encoding="UTF-8"?>
<!-- Generated by org.testng.reporters.JUnitXMLReporter -->
<testsuite hostname="ASDA1708PO02529" tests="11" failures="0" timestamp="29 Jun 2018 10:26:48 GMT" time="5.496" errors="0">
  <testcase name="@AfterClass closebrowser" time="0.0" classname="AllTestTatoc">
    <failure type="java.lang.NullPointerException">
      <![CDATA[java.lang.NullPointerException
	at AllTestTatoc.closebrowser(AllTestTatoc.java:103)
	at sun.reflect.NativeMethodAccessorImpl.invoke0(Native Method)
	at sun.reflect.NativeMethodAccessorImpl.invoke(NativeMethodAccessorImpl.java:62)
	at sun.reflect.DelegatingMethodAccessorImpl.invoke(DelegatingMethodAccessorImpl.java:43)
	at java.lang.reflect.Method.invoke(Method.java:498)
	at org.testng.internal.MethodInvocationHelper.invokeMethod(MethodInvocationHelper.java:80)
	at org.testng.internal.Invoker.invokeConfigurationMethod(Invoker.java:564)
	at org.testng.internal.Invoker.invokeConfigurations(Invoker.java:213)
	at org.testng.internal.Invoker.invokeConfigurations(Invoker.java:138)
	at org.testng.internal.TestMethodWorker.invokeAfterClassMethods(TestMethodWorker.java:225)
	at org.testng.internal.TestMethodWorker.run(TestMethodWorker.java:114)
	at org.testng.TestRunner.privateRun(TestRunner.java:767)
	at org.testng.TestRunner.run(TestRunner.java:617)
	at org.testng.SuiteRunner.runTest(SuiteRunner.java:334)
	at org.testng.SuiteRunner.runSequentially(SuiteRunner.java:329)
	at org.testng.SuiteRunner.privateRun(SuiteRunner.java:291)
	at org.testng.SuiteRunner.run(SuiteRunner.java:240)
	at org.testng.SuiteRunnerWorker.runSuite(SuiteRunnerWorker.java:52)
	at org.testng.SuiteRunnerWorker.run(SuiteRunnerWorker.java:86)
	at org.testng.TestNG.runSuitesSequentially(TestNG.java:1198)
	at org.testng.TestNG.runSuitesLocally(TestNG.java:1123)
	at org.testng.TestNG.run(TestNG.java:1031)
	at org.testng.remote.AbstractRemoteTestNG.run(AbstractRemoteTestNG.java:114)
	at org.testng.remote.RemoteTestNG.initAndRun(RemoteTestNG.java:251)
	at org.testng.remote.RemoteTestNG.main(RemoteTestNG.java:77)
]]>
    </failure>
  </testcase> <!-- @AfterClass closebrowser -->
  <testcase name="Test001_Launch_Browser" time="2.592" classname="AllTestTatoc"/>
  <testcase name="Test002_BasicBlock" time="0.127" classname="AllTestTatoc"/>
  <testcase name="Test003_CheckRedBox" time="0.12" classname="AllTestTatoc"/>
  <testcase name="Test004_check_For_Green_Box" time="0.239" classname="AllTestTatoc"/>
  <testcase name="Test005_Frame_Dungeon_Test" time="0.259" classname="AllTestTatoc"/>
  <testcase name="Test006_Frame_Dungeon_Pass" time="0.901" classname="AllTestTatoc"/>
  <testcase name="Test007_Drag_And_Drop" time="0.284" classname="AllTestTatoc"/>
  <testcase name="Test008_popup_launch_Error_Test" time="0.126" classname="AllTestTatoc"/>
  <testcase name="Test009_Launch_popUp_Menu" time="0.435" classname="AllTestTatoc"/>
  <testcase name="Test010_proceed_without_adding_cookie" time="0.124" classname="AllTestTatoc"/>
  <testcase name="Test011_Cookie_Handling" time="0.244" classname="AllTestTatoc"/>
</testsuite>
